mode: atomic
github.com/johnverrone/clashbot/pkg/bot/bot.go:18.96,20.16 2 2
github.com/johnverrone/clashbot/pkg/bot/bot.go:25.2,27.15 2 1
github.com/johnverrone/clashbot/pkg/bot/bot.go:29.2,29.14 1 1
github.com/johnverrone/clashbot/pkg/bot/bot.go:39.2,39.12 1 1
github.com/johnverrone/clashbot/pkg/bot/bot.go:20.16,23.3 2 1
github.com/johnverrone/clashbot/pkg/bot/bot.go:27.15,27.44 1 1
github.com/johnverrone/clashbot/pkg/bot/bot.go:30.67,31.45 1 0
github.com/johnverrone/clashbot/pkg/bot/bot.go:32.66,32.66 0 0
github.com/johnverrone/clashbot/pkg/bot/bot.go:34.70,35.29 1 0
github.com/johnverrone/clashbot/pkg/bot/bot.go:36.32,37.60 1 1
github.com/johnverrone/clashbot/pkg/bot/bot.go:42.45,44.2 1 0
github.com/johnverrone/clashbot/pkg/bot/bot.go:46.91,48.15 2 0
github.com/johnverrone/clashbot/pkg/bot/bot.go:48.15,50.3 1 0
github.com/johnverrone/clashbot/pkg/bot/bot.go:53.117,54.37 1 1
github.com/johnverrone/clashbot/pkg/bot/bot.go:64.2,64.50 1 1
github.com/johnverrone/clashbot/pkg/bot/bot.go:54.37,55.36 1 3
github.com/johnverrone/clashbot/pkg/bot/bot.go:55.36,57.17 2 3
github.com/johnverrone/clashbot/pkg/bot/bot.go:57.17,60.5 2 0
github.com/johnverrone/clashbot/pkg/bot/bot.go:67.95,70.16 3 1
github.com/johnverrone/clashbot/pkg/bot/bot.go:74.2,74.58 1 1
github.com/johnverrone/clashbot/pkg/bot/bot.go:70.16,72.3 1 0
github.com/johnverrone/clashbot/pkg/bot/bot.go:74.58,77.45 3 1
github.com/johnverrone/clashbot/pkg/bot/bot.go:83.3,83.43 1 1
github.com/johnverrone/clashbot/pkg/bot/bot.go:77.45,78.22 1 3
github.com/johnverrone/clashbot/pkg/bot/bot.go:78.22,80.5 1 2
github.com/johnverrone/clashbot/pkg/bot/bot.go:87.71,90.16 3 1
github.com/johnverrone/clashbot/pkg/bot/bot.go:95.2,95.27 1 1
github.com/johnverrone/clashbot/pkg/bot/bot.go:90.16,93.3 2 0
